200618 201330.323|CONFIG|main|setFileHandlers|Now logging to E:\CODE\DSA-PTIT\pc2Client - Copy\bin\logs directory.
200618 201330.328|INFO|main|info|
200618 201330.339|INFO|main|info|Version 9.6.0 20190102 (Wednesday, January 2nd 2019 01:20 UTC) Java ver 13.0.2 build 5102 Windows 10 10.0 (amd64) 
200618 201330.340|INFO|main|startLog|Working directory is E:\CODE\DSA-PTIT\pc2Client - Copy\bin
200618 201330.394|INFO|main|startLog|Process id is 12612@Admin
200618 201330.394|INFO|main|start|Starting ConnectionManager...
200618 201330.746|INFO|main|start|Started ConnectionManager
200618 201330.759|INFO|main|setClientServerAndPort|INIFile File location: file:/E:/CODE/DSA-PTIT/pc2Client%20-%20Copy/bin/pc2v9.ini
200618 201330.760|INFO|main|setClientServerAndPort|setClientServerAndPort 203.162.88.119 parsed as 203.162.88.119 port 50002
200618 201330.761|INFO|main|info|Contacting server at 203.162.88.119:50002
200618 201330.762|INFO|main|connectToMyServer|Connecting to 203.162.88.119:50002
200618 201330.916|INFO|Thread-0|receiveUnencrypted|receiveUnencrypted(TransportWrapper, ConnectionHandlerID=Socket[addr=/203.162.88.119,port=50002,localport=55625]-7213537525133955440)
200618 201330.943|INFO|Thread-0|receiveUnencrypted|receiveUnencrypted Made a secret key for Socket[addr=/203.162.88.119,port=50002,localport=55625]-7213537525133955440 key is com.sun.crypto.provider.DESKey@fffe788f
200618 201330.944|INFO|Thread-0|getPublicKeyPacket|Generating Unencrypted Public Key Packet
200618 201330.945|INFO|Thread-0|getPublicKeyPacket|checking key:= SunJCE Diffie-Hellman Public Key:
y:
    5755042d ba38cb36 d3378d01 d3ad462c c25a2a16 354da75c a5e0728e 6cc3605f
    2139e6c6 66595b1f 766d2c45 a1da0cd8 f77d7af6 4745dd29 d336e2d5 b06a163f
    8ea32847 adfca535 5fda54c2 b346b513 0ae5d2ae f3322eb7 c2255f99 02e43ee7
    664c6021 150f8945 19652ad2 96b3fd40 695a93df 78bff3a5 edd99f86 55269d09
p:
    f488fd58 4e49dbcd 20b49de4 9107366b 336c380d 451d0f7c 88b31c7c 5b2d8ef6
    f3c923c0 43f0a55b 188d8ebb 558cb85d 38d334fd 7c175743 a31d186c de33212c
    b52aff3c e1b12940 18118d7c 84a70a72 d686c403 19c80729 7aca950c d9969fab
    d00a509b 0246d308 3d66a45d 419f9c7c bd894b22 1926baab a25ec355 e92f78c7
g:
    02
l:
    512
200618 201330.946|INFO|Thread-0|getPublicKeyPacket|packet:= edu.csus.ecs.pc2.core.transport.TransportWrapper@34b0f3ea
200618 224956.511|INFO|Thread-0|receive|SocketException in receive for Socket[addr=/203.162.88.119,port=50002,localport=55625]-7213537525133955440
|java.net.SocketException: A socket operation was attempted to an unreachable network
|    at sun.nio.ch.NioSocketImpl.implRead (NioSocketImpl.java:326)
|    at sun.nio.ch.NioSocketImpl.read (NioSocketImpl.java:351)
|    at sun.nio.ch.NioSocketImpl$1.read (NioSocketImpl.java:802)
|    at java.net.Socket$SocketInputStream.read (Socket.java:937)
|    at java.net.Socket$SocketInputStream.read (Socket.java:932)
|    at java.io.ObjectInputStream$PeekInputStream.peek (ObjectInputStream.java:2778)
|    at java.io.ObjectInputStream$BlockDataInputStream.peek (ObjectInputStream.java:3105)
|    at java.io.ObjectInputStream$BlockDataInputStream.peekByte (ObjectInputStream.java:3115)
|    at java.io.ObjectInputStream.readObject0 (ObjectInputStream.java:1597)
|    at java.io.ObjectInputStream.readObject (ObjectInputStream.java:464)
|    at java.io.ObjectInputStream.readObject (ObjectInputStream.java:422)
|    at edu.csus.ecs.pc2.core.transport.ConnectionHandlerThread.receive (ConnectionHandlerThread.java:151)
|    at edu.csus.ecs.pc2.core.transport.ConnectionHandlerClientThread.run (ConnectionHandlerClientThread.java:65)
200618 224959.395|FINER|Thread-0|run|THROW
|edu.csus.ecs.pc2.core.transport.TransportException: A socket operation was attempted to an unreachable network
|    at edu.csus.ecs.pc2.core.transport.ConnectionHandlerThread.receive (ConnectionHandlerThread.java:155)
|    at edu.csus.ecs.pc2.core.transport.ConnectionHandlerClientThread.run (ConnectionHandlerClientThread.java:65)
200618 224959.397|INFO|Thread-0|receive|SocketException in receive for Socket[addr=/203.162.88.119,port=50002,localport=55625]-7213537525133955440
|java.net.SocketException: Connection reset
|    at sun.nio.ch.NioSocketImpl.implRead (NioSocketImpl.java:324)
|    at sun.nio.ch.NioSocketImpl.read (NioSocketImpl.java:351)
|    at sun.nio.ch.NioSocketImpl$1.read (NioSocketImpl.java:802)
|    at java.net.Socket$SocketInputStream.read (Socket.java:937)
|    at java.net.Socket$SocketInputStream.read (Socket.java:932)
|    at java.io.ObjectInputStream$PeekInputStream.peek (ObjectInputStream.java:2778)
|    at java.io.ObjectInputStream$BlockDataInputStream.peek (ObjectInputStream.java:3105)
|    at java.io.ObjectInputStream$BlockDataInputStream.peekByte (ObjectInputStream.java:3115)
|    at java.io.ObjectInputStream.readObject0 (ObjectInputStream.java:1597)
|    at java.io.ObjectInputStream.readObject (ObjectInputStream.java:464)
|    at java.io.ObjectInputStream.readObject (ObjectInputStream.java:422)
|    at edu.csus.ecs.pc2.core.transport.ConnectionHandlerThread.receive (ConnectionHandlerThread.java:151)
|    at edu.csus.ecs.pc2.core.transport.ConnectionHandlerClientThread.run (ConnectionHandlerClientThread.java:65)
200618 224959.399|FINER|Thread-0|run|THROW
|edu.csus.ecs.pc2.core.transport.TransportException: Connection reset
|    at edu.csus.ecs.pc2.core.transport.ConnectionHandlerThread.receive (ConnectionHandlerThread.java:155)
|    at edu.csus.ecs.pc2.core.transport.ConnectionHandlerClientThread.run (ConnectionHandlerClientThread.java:65)
