200610 101612.965|CONFIG|main|setFileHandlers|Now logging to E:\CODE\C++\pc2Client - Copy\bin\logs directory.
200610 101612.967|INFO|main|info|
200610 101612.974|INFO|main|info|Version 9.6.0 20190102 (Wednesday, January 2nd 2019 01:20 UTC) Java ver 13.0.2 build 5102 Windows 10 10.0 (amd64) 
200610 101612.975|INFO|main|startLog|Working directory is E:\CODE\C++\pc2Client - Copy\bin
200610 101613.005|INFO|main|startLog|Process id is 4600@Admin
200610 101613.006|INFO|main|start|Starting ConnectionManager...
200610 101613.199|INFO|main|start|Started ConnectionManager
200610 101613.241|INFO|main|setClientServerAndPort|INIFile File location: file:/E:/CODE/C++/pc2Client%20-%20Copy/bin/pc2v9.ini
200610 101613.241|INFO|main|setClientServerAndPort|setClientServerAndPort 203.162.88.119 parsed as 203.162.88.119 port 50002
200610 101613.242|INFO|main|info|Contacting server at 203.162.88.119:50002
200610 101613.242|INFO|main|connectToMyServer|Connecting to 203.162.88.119:50002
200610 101613.387|INFO|Thread-0|receiveUnencrypted|receiveUnencrypted(TransportWrapper, ConnectionHandlerID=Socket[addr=/203.162.88.119,port=50002,localport=54597]--436299880189916594)
200610 101613.401|INFO|Thread-0|receiveUnencrypted|receiveUnencrypted Made a secret key for Socket[addr=/203.162.88.119,port=50002,localport=54597]--436299880189916594 key is com.sun.crypto.provider.DESKey@fffe7802
200610 101613.401|INFO|Thread-0|getPublicKeyPacket|Generating Unencrypted Public Key Packet
200610 101613.402|INFO|Thread-0|getPublicKeyPacket|checking key:= SunJCE Diffie-Hellman Public Key:
y:
    7b0f26c9 1cf259ee 9ca1b4aa c2adf750 e93cf1a9 dab8d9c3 e4e3c883 80029cc5
    b0d29aeb 2f065888 0a4f4ba6 9ad16f33 303e07cd c5576254 aa1adead a04787c8
    ae8fdd8c 49e9c60c 6ba98688 1edc51de ea57f0f8 cccb2311 9b315ce0 2608dd89
    272cd347 02522786 91ca7a2e ced684f5 6a2b72ef 0aea0117 96fe83bc 6f64c3a6
p:
    f488fd58 4e49dbcd 20b49de4 9107366b 336c380d 451d0f7c 88b31c7c 5b2d8ef6
    f3c923c0 43f0a55b 188d8ebb 558cb85d 38d334fd 7c175743 a31d186c de33212c
    b52aff3c e1b12940 18118d7c 84a70a72 d686c403 19c80729 7aca950c d9969fab
    d00a509b 0246d308 3d66a45d 419f9c7c bd894b22 1926baab a25ec355 e92f78c7
g:
    02
l:
    512
200610 101613.402|INFO|Thread-0|getPublicKeyPacket|packet:= edu.csus.ecs.pc2.core.transport.TransportWrapper@7fc32a74
200610 160051.813|INFO|Thread-0|receive|SocketException in receive for Socket[addr=/203.162.88.119,port=50002,localport=54597]--436299880189916594
|java.net.SocketException: A socket operation was attempted to an unreachable network
|    at sun.nio.ch.NioSocketImpl.implRead (NioSocketImpl.java:326)
|    at sun.nio.ch.NioSocketImpl.read (NioSocketImpl.java:351)
|    at sun.nio.ch.NioSocketImpl$1.read (NioSocketImpl.java:802)
|    at java.net.Socket$SocketInputStream.read (Socket.java:937)
|    at java.net.Socket$SocketInputStream.read (Socket.java:932)
|    at java.io.ObjectInputStream$PeekInputStream.peek (ObjectInputStream.java:2778)
|    at java.io.ObjectInputStream$BlockDataInputStream.peek (ObjectInputStream.java:3105)
|    at java.io.ObjectInputStream$BlockDataInputStream.peekByte (ObjectInputStream.java:3115)
|    at java.io.ObjectInputStream.readObject0 (ObjectInputStream.java:1597)
|    at java.io.ObjectInputStream.readObject (ObjectInputStream.java:464)
|    at java.io.ObjectInputStream.readObject (ObjectInputStream.java:422)
|    at edu.csus.ecs.pc2.core.transport.ConnectionHandlerThread.receive (ConnectionHandlerThread.java:151)
|    at edu.csus.ecs.pc2.core.transport.ConnectionHandlerClientThread.run (ConnectionHandlerClientThread.java:65)
200610 160053.362|FINER|Thread-0|run|THROW
|edu.csus.ecs.pc2.core.transport.TransportException: A socket operation was attempted to an unreachable network
|    at edu.csus.ecs.pc2.core.transport.ConnectionHandlerThread.receive (ConnectionHandlerThread.java:155)
|    at edu.csus.ecs.pc2.core.transport.ConnectionHandlerClientThread.run (ConnectionHandlerClientThread.java:65)
200610 160053.365|INFO|Thread-0|receive|SocketException in receive for Socket[addr=/203.162.88.119,port=50002,localport=54597]--436299880189916594
|java.net.SocketException: Connection reset
|    at sun.nio.ch.NioSocketImpl.implRead (NioSocketImpl.java:324)
|    at sun.nio.ch.NioSocketImpl.read (NioSocketImpl.java:351)
|    at sun.nio.ch.NioSocketImpl$1.read (NioSocketImpl.java:802)
|    at java.net.Socket$SocketInputStream.read (Socket.java:937)
|    at java.net.Socket$SocketInputStream.read (Socket.java:932)
|    at java.io.ObjectInputStream$PeekInputStream.peek (ObjectInputStream.java:2778)
|    at java.io.ObjectInputStream$BlockDataInputStream.peek (ObjectInputStream.java:3105)
|    at java.io.ObjectInputStream$BlockDataInputStream.peekByte (ObjectInputStream.java:3115)
|    at java.io.ObjectInputStream.readObject0 (ObjectInputStream.java:1597)
|    at java.io.ObjectInputStream.readObject (ObjectInputStream.java:464)
|    at java.io.ObjectInputStream.readObject (ObjectInputStream.java:422)
|    at edu.csus.ecs.pc2.core.transport.ConnectionHandlerThread.receive (ConnectionHandlerThread.java:151)
|    at edu.csus.ecs.pc2.core.transport.ConnectionHandlerClientThread.run (ConnectionHandlerClientThread.java:65)
200610 160053.368|FINER|Thread-0|run|THROW
|edu.csus.ecs.pc2.core.transport.TransportException: Connection reset
|    at edu.csus.ecs.pc2.core.transport.ConnectionHandlerThread.receive (ConnectionHandlerThread.java:155)
|    at edu.csus.ecs.pc2.core.transport.ConnectionHandlerClientThread.run (ConnectionHandlerClientThread.java:65)
