200617 104344.662|CONFIG|main|setFileHandlers|Now logging to E:\CODE\DSA-PTIT\pc2Client - Copy\bin\logs directory.
200617 104344.666|INFO|main|info|
200617 104344.672|INFO|main|info|Version 9.6.0 20190102 (Wednesday, January 2nd 2019 01:20 UTC) Java ver 13.0.2 build 5102 Windows 10 10.0 (amd64) 
200617 104344.673|INFO|main|startLog|Working directory is E:\CODE\DSA-PTIT\pc2Client - Copy\bin
200617 104344.704|INFO|main|startLog|Process id is 13192@Admin
200617 104344.704|INFO|main|start|Starting ConnectionManager...
200617 104344.909|INFO|main|start|Started ConnectionManager
200617 104344.918|INFO|main|setClientServerAndPort|INIFile File location: file:/E:/CODE/DSA-PTIT/pc2Client%20-%20Copy/bin/pc2v9.ini
200617 104344.918|INFO|main|setClientServerAndPort|setClientServerAndPort 203.162.88.119 parsed as 203.162.88.119 port 50002
200617 104344.919|INFO|main|info|Contacting server at 203.162.88.119:50002
200617 104344.919|INFO|main|connectToMyServer|Connecting to 203.162.88.119:50002
200617 104345.057|INFO|Thread-0|receiveUnencrypted|receiveUnencrypted(TransportWrapper, ConnectionHandlerID=Socket[addr=/203.162.88.119,port=50002,localport=53000]-5784383000203323193)
200617 104345.072|INFO|Thread-0|receiveUnencrypted|receiveUnencrypted Made a secret key for Socket[addr=/203.162.88.119,port=50002,localport=53000]-5784383000203323193 key is com.sun.crypto.provider.DESKey@fffe7ad3
200617 104345.073|INFO|Thread-0|getPublicKeyPacket|Generating Unencrypted Public Key Packet
200617 104345.074|INFO|Thread-0|getPublicKeyPacket|checking key:= SunJCE Diffie-Hellman Public Key:
y:
    e3b92a25 cb72b75c 44908fa9 f16ce980 354cf1d8 2f82c9d2 7f002ee0 8e6630d8
    3b092f68 325b147a 8b99be2d ae894a9b 028c166d 47b68d77 a1c37a6f d2497476
    e6d2632f 239a9252 d3d6ca31 638576b8 f45c5f4a cacc4d36 d4467592 5d4b4b69
    6338e07b 2adcc4dd fe989380 fc78c26e 4ec00bce 17491ca6 0519f70d 1a54277d
p:
    f488fd58 4e49dbcd 20b49de4 9107366b 336c380d 451d0f7c 88b31c7c 5b2d8ef6
    f3c923c0 43f0a55b 188d8ebb 558cb85d 38d334fd 7c175743 a31d186c de33212c
    b52aff3c e1b12940 18118d7c 84a70a72 d686c403 19c80729 7aca950c d9969fab
    d00a509b 0246d308 3d66a45d 419f9c7c bd894b22 1926baab a25ec355 e92f78c7
g:
    02
l:
    512
200617 104345.074|INFO|Thread-0|getPublicKeyPacket|packet:= edu.csus.ecs.pc2.core.transport.TransportWrapper@c27fd55
200617 135928.508|INFO|Thread-0|receive|SocketException in receive for Socket[addr=/203.162.88.119,port=50002,localport=53000]-5784383000203323193
|java.net.SocketException: A socket operation was attempted to an unreachable network
|    at sun.nio.ch.NioSocketImpl.implRead (NioSocketImpl.java:326)
|    at sun.nio.ch.NioSocketImpl.read (NioSocketImpl.java:351)
|    at sun.nio.ch.NioSocketImpl$1.read (NioSocketImpl.java:802)
|    at java.net.Socket$SocketInputStream.read (Socket.java:937)
|    at java.net.Socket$SocketInputStream.read (Socket.java:932)
|    at java.io.ObjectInputStream$PeekInputStream.peek (ObjectInputStream.java:2778)
|    at java.io.ObjectInputStream$BlockDataInputStream.peek (ObjectInputStream.java:3105)
|    at java.io.ObjectInputStream$BlockDataInputStream.peekByte (ObjectInputStream.java:3115)
|    at java.io.ObjectInputStream.readObject0 (ObjectInputStream.java:1597)
|    at java.io.ObjectInputStream.readObject (ObjectInputStream.java:464)
|    at java.io.ObjectInputStream.readObject (ObjectInputStream.java:422)
|    at edu.csus.ecs.pc2.core.transport.ConnectionHandlerThread.receive (ConnectionHandlerThread.java:151)
|    at edu.csus.ecs.pc2.core.transport.ConnectionHandlerClientThread.run (ConnectionHandlerClientThread.java:65)
200617 135931.389|FINER|Thread-0|run|THROW
|edu.csus.ecs.pc2.core.transport.TransportException: A socket operation was attempted to an unreachable network
|    at edu.csus.ecs.pc2.core.transport.ConnectionHandlerThread.receive (ConnectionHandlerThread.java:155)
|    at edu.csus.ecs.pc2.core.transport.ConnectionHandlerClientThread.run (ConnectionHandlerClientThread.java:65)
200617 135931.390|INFO|Thread-0|receive|SocketException in receive for Socket[addr=/203.162.88.119,port=50002,localport=53000]-5784383000203323193
|java.net.SocketException: Connection reset
|    at sun.nio.ch.NioSocketImpl.implRead (NioSocketImpl.java:324)
|    at sun.nio.ch.NioSocketImpl.read (NioSocketImpl.java:351)
|    at sun.nio.ch.NioSocketImpl$1.read (NioSocketImpl.java:802)
|    at java.net.Socket$SocketInputStream.read (Socket.java:937)
|    at java.net.Socket$SocketInputStream.read (Socket.java:932)
|    at java.io.ObjectInputStream$PeekInputStream.peek (ObjectInputStream.java:2778)
|    at java.io.ObjectInputStream$BlockDataInputStream.peek (ObjectInputStream.java:3105)
|    at java.io.ObjectInputStream$BlockDataInputStream.peekByte (ObjectInputStream.java:3115)
|    at java.io.ObjectInputStream.readObject0 (ObjectInputStream.java:1597)
|    at java.io.ObjectInputStream.readObject (ObjectInputStream.java:464)
|    at java.io.ObjectInputStream.readObject (ObjectInputStream.java:422)
|    at edu.csus.ecs.pc2.core.transport.ConnectionHandlerThread.receive (ConnectionHandlerThread.java:151)
|    at edu.csus.ecs.pc2.core.transport.ConnectionHandlerClientThread.run (ConnectionHandlerClientThread.java:65)
200617 135931.392|FINER|Thread-0|run|THROW
|edu.csus.ecs.pc2.core.transport.TransportException: Connection reset
|    at edu.csus.ecs.pc2.core.transport.ConnectionHandlerThread.receive (ConnectionHandlerThread.java:155)
|    at edu.csus.ecs.pc2.core.transport.ConnectionHandlerClientThread.run (ConnectionHandlerClientThread.java:65)
