200517 201939.224|CONFIG|main|setFileHandlers|Now logging to E:\CODE\C++\pc2Client - Copy\bin\logs directory.
200517 201939.228|INFO|main|info|
200517 201939.236|INFO|main|info|Version 9.6.0 20190102 (Wednesday, January 2nd 2019 01:20 UTC) Java ver 13.0.2 build 5102 Windows 10 10.0 (amd64) 
200517 201939.237|INFO|main|startLog|Working directory is E:\CODE\C++\pc2Client - Copy\bin
200517 201939.274|INFO|main|startLog|Process id is 8340@Admin
200517 201939.274|INFO|main|start|Starting ConnectionManager...
200517 201939.503|INFO|main|start|Started ConnectionManager
200517 201939.511|INFO|main|setClientServerAndPort|INIFile File location: file:/E:/CODE/C++/pc2Client%20-%20Copy/bin/pc2v9.ini
200517 201939.511|INFO|main|setClientServerAndPort|setClientServerAndPort 203.162.88.119 parsed as 203.162.88.119 port 51002
200517 201939.512|INFO|main|info|Contacting server at 203.162.88.119:51002
200517 201939.513|INFO|main|connectToMyServer|Connecting to 203.162.88.119:51002
200517 201940.319|INFO|Thread-0|receiveUnencrypted|receiveUnencrypted(TransportWrapper, ConnectionHandlerID=Socket[addr=/203.162.88.119,port=51002,localport=58009]--7761471984135806582)
200517 201940.336|INFO|Thread-0|receiveUnencrypted|receiveUnencrypted Made a secret key for Socket[addr=/203.162.88.119,port=51002,localport=58009]--7761471984135806582 key is com.sun.crypto.provider.DESKey@fffe79b0
200517 201940.337|INFO|Thread-0|getPublicKeyPacket|Generating Unencrypted Public Key Packet
200517 201940.338|INFO|Thread-0|getPublicKeyPacket|checking key:= SunJCE Diffie-Hellman Public Key:
y:
    7c7f798a 84a20365 89cd9b55 79332604 6c605fbf 9547e671 1191a864 6a2284ab
    5fd783ad f4a1cb05 76905354 2dac86c6 a55e7d12 3a802c44 b44ec549 e5aa22b5
    537123a5 3b210d8b e93a02bc 5b4ae503 652dcacc a4dfd138 f7cf3e63 c71b65cc
    39163ebe 8423d235 3e08b261 8eedb276 ea4fa9e3 882be2fc 0c178a1d 23587e90
p:
    f488fd58 4e49dbcd 20b49de4 9107366b 336c380d 451d0f7c 88b31c7c 5b2d8ef6
    f3c923c0 43f0a55b 188d8ebb 558cb85d 38d334fd 7c175743 a31d186c de33212c
    b52aff3c e1b12940 18118d7c 84a70a72 d686c403 19c80729 7aca950c d9969fab
    d00a509b 0246d308 3d66a45d 419f9c7c bd894b22 1926baab a25ec355 e92f78c7
g:
    02
l:
    512
200517 201940.338|INFO|Thread-0|getPublicKeyPacket|packet:= edu.csus.ecs.pc2.core.transport.TransportWrapper@2eb54187
200517 212526.295|INFO|Thread-0|receive|EOFException in receive for Socket[addr=/203.162.88.119,port=51002,localport=58009]--7761471984135806582
|java.io.EOFException: null
|    at java.io.ObjectInputStream$BlockDataInputStream.peekByte (ObjectInputStream.java:3117)
|    at java.io.ObjectInputStream.readObject0 (ObjectInputStream.java:1597)
|    at java.io.ObjectInputStream.readObject (ObjectInputStream.java:464)
|    at java.io.ObjectInputStream.readObject (ObjectInputStream.java:422)
|    at edu.csus.ecs.pc2.core.transport.ConnectionHandlerThread.receive (ConnectionHandlerThread.java:151)
|    at edu.csus.ecs.pc2.core.transport.ConnectionHandlerClientThread.run (ConnectionHandlerClientThread.java:65)
200517 212526.297|FINER|Thread-0|run|THROW
|edu.csus.ecs.pc2.core.transport.TransportException: null
|    at edu.csus.ecs.pc2.core.transport.ConnectionHandlerThread.receive (ConnectionHandlerThread.java:158)
|    at edu.csus.ecs.pc2.core.transport.ConnectionHandlerClientThread.run (ConnectionHandlerClientThread.java:65)
200517 212526.297|FINER|Thread-0|run - e.getmessage is null()|THROW
|edu.csus.ecs.pc2.core.transport.TransportException: null
|    at edu.csus.ecs.pc2.core.transport.ConnectionHandlerThread.receive (ConnectionHandlerThread.java:158)
|    at edu.csus.ecs.pc2.core.transport.ConnectionHandlerClientThread.run (ConnectionHandlerClientThread.java:65)
