200622 130123.121|CONFIG|main|setFileHandlers|Now logging to E:\CODE\DSA-PTIT\pc2Client - Copy\bin\logs directory.
200622 130123.125|INFO|main|info|
200622 130123.128|INFO|main|info|Version 9.6.0 20190102 (Wednesday, January 2nd 2019 01:20 UTC) Java ver 13.0.2 build 5102 Windows 10 10.0 (amd64) 
200622 130123.129|INFO|main|startLog|Working directory is E:\CODE\DSA-PTIT\pc2Client - Copy\bin
200622 130123.159|INFO|main|startLog|Process id is 1188@Admin
200622 130123.159|INFO|main|start|Starting ConnectionManager...
200622 130123.416|INFO|main|start|Started ConnectionManager
200622 130123.439|INFO|main|setClientServerAndPort|INIFile File location: file:/E:/CODE/DSA-PTIT/pc2Client%20-%20Copy/bin/pc2v9.ini
200622 130123.440|INFO|main|setClientServerAndPort|setClientServerAndPort 203.162.88.119 parsed as 203.162.88.119 port 50002
200622 130123.440|INFO|main|info|Contacting server at 203.162.88.119:50002
200622 130123.441|INFO|main|connectToMyServer|Connecting to 203.162.88.119:50002
200622 130123.581|INFO|Thread-0|receiveUnencrypted|receiveUnencrypted(TransportWrapper, ConnectionHandlerID=Socket[addr=/203.162.88.119,port=50002,localport=58150]--3606666991722428619)
200622 130123.598|INFO|Thread-0|receiveUnencrypted|receiveUnencrypted Made a secret key for Socket[addr=/203.162.88.119,port=50002,localport=58150]--3606666991722428619 key is com.sun.crypto.provider.DESKey@185bb
200622 130123.598|INFO|Thread-0|getPublicKeyPacket|Generating Unencrypted Public Key Packet
200622 130123.599|INFO|Thread-0|getPublicKeyPacket|checking key:= SunJCE Diffie-Hellman Public Key:
y:
    ef4dbbfa 7dc6de90 facfbba8 0c5e946d a6164876 6e29a0dd e1104193 ccb43a8d
    bf010b53 6d079b09 7d9b039a e0908c4a e301c1ce cdad4eec f676b96d 19c99302
    ec5b088c 29362468 de880812 78f8be2a 1d19d533 c48e2c18 f15ae7cd b36fe714
    6e831c78 68524825 9dfd1e95 ae575a18 b2f5ac0c 9c64f36f 6d972298 75f2d2eb
p:
    f488fd58 4e49dbcd 20b49de4 9107366b 336c380d 451d0f7c 88b31c7c 5b2d8ef6
    f3c923c0 43f0a55b 188d8ebb 558cb85d 38d334fd 7c175743 a31d186c de33212c
    b52aff3c e1b12940 18118d7c 84a70a72 d686c403 19c80729 7aca950c d9969fab
    d00a509b 0246d308 3d66a45d 419f9c7c bd894b22 1926baab a25ec355 e92f78c7
g:
    02
l:
    512
200622 130123.600|INFO|Thread-0|getPublicKeyPacket|packet:= edu.csus.ecs.pc2.core.transport.TransportWrapper@54653a27
200622 132152.564|INFO|Thread-0|receive|SocketException in receive for Socket[addr=/203.162.88.119,port=50002,localport=58150]--3606666991722428619
|java.net.SocketException: A socket operation was attempted to an unreachable network
|    at sun.nio.ch.NioSocketImpl.implRead (NioSocketImpl.java:326)
|    at sun.nio.ch.NioSocketImpl.read (NioSocketImpl.java:351)
|    at sun.nio.ch.NioSocketImpl$1.read (NioSocketImpl.java:802)
|    at java.net.Socket$SocketInputStream.read (Socket.java:937)
|    at java.net.Socket$SocketInputStream.read (Socket.java:932)
|    at java.io.ObjectInputStream$PeekInputStream.peek (ObjectInputStream.java:2778)
|    at java.io.ObjectInputStream$BlockDataInputStream.peek (ObjectInputStream.java:3105)
|    at java.io.ObjectInputStream$BlockDataInputStream.peekByte (ObjectInputStream.java:3115)
|    at java.io.ObjectInputStream.readObject0 (ObjectInputStream.java:1597)
|    at java.io.ObjectInputStream.readObject (ObjectInputStream.java:464)
|    at java.io.ObjectInputStream.readObject (ObjectInputStream.java:422)
|    at edu.csus.ecs.pc2.core.transport.ConnectionHandlerThread.receive (ConnectionHandlerThread.java:151)
|    at edu.csus.ecs.pc2.core.transport.ConnectionHandlerClientThread.run (ConnectionHandlerClientThread.java:65)
200622 132152.566|FINER|Thread-0|run|THROW
|edu.csus.ecs.pc2.core.transport.TransportException: A socket operation was attempted to an unreachable network
|    at edu.csus.ecs.pc2.core.transport.ConnectionHandlerThread.receive (ConnectionHandlerThread.java:155)
|    at edu.csus.ecs.pc2.core.transport.ConnectionHandlerClientThread.run (ConnectionHandlerClientThread.java:65)
200622 132152.566|INFO|Thread-0|receive|SocketException in receive for Socket[addr=/203.162.88.119,port=50002,localport=58150]--3606666991722428619
|java.net.SocketException: Connection reset
|    at sun.nio.ch.NioSocketImpl.implRead (NioSocketImpl.java:324)
|    at sun.nio.ch.NioSocketImpl.read (NioSocketImpl.java:351)
|    at sun.nio.ch.NioSocketImpl$1.read (NioSocketImpl.java:802)
|    at java.net.Socket$SocketInputStream.read (Socket.java:937)
|    at java.net.Socket$SocketInputStream.read (Socket.java:932)
|    at java.io.ObjectInputStream$PeekInputStream.peek (ObjectInputStream.java:2778)
|    at java.io.ObjectInputStream$BlockDataInputStream.peek (ObjectInputStream.java:3105)
|    at java.io.ObjectInputStream$BlockDataInputStream.peekByte (ObjectInputStream.java:3115)
|    at java.io.ObjectInputStream.readObject0 (ObjectInputStream.java:1597)
|    at java.io.ObjectInputStream.readObject (ObjectInputStream.java:464)
|    at java.io.ObjectInputStream.readObject (ObjectInputStream.java:422)
|    at edu.csus.ecs.pc2.core.transport.ConnectionHandlerThread.receive (ConnectionHandlerThread.java:151)
|    at edu.csus.ecs.pc2.core.transport.ConnectionHandlerClientThread.run (ConnectionHandlerClientThread.java:65)
200622 132152.567|FINER|Thread-0|run|THROW
|edu.csus.ecs.pc2.core.transport.TransportException: Connection reset
|    at edu.csus.ecs.pc2.core.transport.ConnectionHandlerThread.receive (ConnectionHandlerThread.java:155)
|    at edu.csus.ecs.pc2.core.transport.ConnectionHandlerClientThread.run (ConnectionHandlerClientThread.java:65)
