200608 161022.785|CONFIG|main|setFileHandlers|Now logging to E:\CODE\C++\pc2Client - Copy\bin\logs directory.
200608 161022.788|INFO|main|info|
200608 161022.791|INFO|main|info|Version 9.6.0 20190102 (Wednesday, January 2nd 2019 01:20 UTC) Java ver 13.0.2 build 5102 Windows 10 10.0 (amd64) 
200608 161022.792|INFO|main|startLog|Working directory is E:\CODE\C++\pc2Client - Copy\bin
200608 161022.823|INFO|main|startLog|Process id is 13536@Admin
200608 161022.823|INFO|main|start|Starting ConnectionManager...
200608 161023.043|INFO|main|start|Started ConnectionManager
200608 161023.047|INFO|main|setClientServerAndPort|INIFile File location: file:/E:/CODE/C++/pc2Client%20-%20Copy/bin/pc2v9.ini
200608 161023.047|INFO|main|setClientServerAndPort|setClientServerAndPort 203.162.88.119 parsed as 203.162.88.119 port 50002
200608 161023.047|INFO|main|info|Contacting server at 203.162.88.119:50002
200608 161023.048|INFO|main|connectToMyServer|Connecting to 203.162.88.119:50002
200608 161023.200|INFO|Thread-0|receiveUnencrypted|receiveUnencrypted(TransportWrapper, ConnectionHandlerID=Socket[addr=/203.162.88.119,port=50002,localport=51587]--7167747210245230877)
200608 161023.214|INFO|Thread-0|receiveUnencrypted|receiveUnencrypted Made a secret key for Socket[addr=/203.162.88.119,port=50002,localport=51587]--7167747210245230877 key is com.sun.crypto.provider.DESKey@fffe7829
200608 161023.214|INFO|Thread-0|getPublicKeyPacket|Generating Unencrypted Public Key Packet
200608 161023.216|INFO|Thread-0|getPublicKeyPacket|checking key:= SunJCE Diffie-Hellman Public Key:
y:
    e6be606e f09bb372 646f7908 72444c81 e42e6e4e 21a0e056 00f9ce8f 06cc2eca
    d381f4ea 12496ed6 c943fce5 0f031e62 31daf95e bc00cae3 21b238a6 60167950
    3c68ee35 983e825b 004c1592 119035f1 2621f83f 6f1f38f4 7677c36b 0af0778e
    034b9604 8d3a6da2 062160cb 9c0cae95 43641b4b 613eb4e3 b1a50810 a223ea9b
p:
    f488fd58 4e49dbcd 20b49de4 9107366b 336c380d 451d0f7c 88b31c7c 5b2d8ef6
    f3c923c0 43f0a55b 188d8ebb 558cb85d 38d334fd 7c175743 a31d186c de33212c
    b52aff3c e1b12940 18118d7c 84a70a72 d686c403 19c80729 7aca950c d9969fab
    d00a509b 0246d308 3d66a45d 419f9c7c bd894b22 1926baab a25ec355 e92f78c7
g:
    02
l:
    512
200608 161023.216|INFO|Thread-0|getPublicKeyPacket|packet:= edu.csus.ecs.pc2.core.transport.TransportWrapper@54653a27
200608 194751.511|INFO|Thread-0|receive|SocketException in receive for Socket[addr=/203.162.88.119,port=50002,localport=51587]--7167747210245230877
|java.net.SocketException: A socket operation was attempted to an unreachable network
|    at sun.nio.ch.NioSocketImpl.implRead (NioSocketImpl.java:326)
|    at sun.nio.ch.NioSocketImpl.read (NioSocketImpl.java:351)
|    at sun.nio.ch.NioSocketImpl$1.read (NioSocketImpl.java:802)
|    at java.net.Socket$SocketInputStream.read (Socket.java:937)
|    at java.net.Socket$SocketInputStream.read (Socket.java:932)
|    at java.io.ObjectInputStream$PeekInputStream.peek (ObjectInputStream.java:2778)
|    at java.io.ObjectInputStream$BlockDataInputStream.peek (ObjectInputStream.java:3105)
|    at java.io.ObjectInputStream$BlockDataInputStream.peekByte (ObjectInputStream.java:3115)
|    at java.io.ObjectInputStream.readObject0 (ObjectInputStream.java:1597)
|    at java.io.ObjectInputStream.readObject (ObjectInputStream.java:464)
|    at java.io.ObjectInputStream.readObject (ObjectInputStream.java:422)
|    at edu.csus.ecs.pc2.core.transport.ConnectionHandlerThread.receive (ConnectionHandlerThread.java:151)
|    at edu.csus.ecs.pc2.core.transport.ConnectionHandlerClientThread.run (ConnectionHandlerClientThread.java:65)
200608 194754.400|FINER|Thread-0|run|THROW
|edu.csus.ecs.pc2.core.transport.TransportException: A socket operation was attempted to an unreachable network
|    at edu.csus.ecs.pc2.core.transport.ConnectionHandlerThread.receive (ConnectionHandlerThread.java:155)
|    at edu.csus.ecs.pc2.core.transport.ConnectionHandlerClientThread.run (ConnectionHandlerClientThread.java:65)
200608 194754.401|INFO|Thread-0|receive|SocketException in receive for Socket[addr=/203.162.88.119,port=50002,localport=51587]--7167747210245230877
|java.net.SocketException: Connection reset
|    at sun.nio.ch.NioSocketImpl.implRead (NioSocketImpl.java:324)
|    at sun.nio.ch.NioSocketImpl.read (NioSocketImpl.java:351)
|    at sun.nio.ch.NioSocketImpl$1.read (NioSocketImpl.java:802)
|    at java.net.Socket$SocketInputStream.read (Socket.java:937)
|    at java.net.Socket$SocketInputStream.read (Socket.java:932)
|    at java.io.ObjectInputStream$PeekInputStream.peek (ObjectInputStream.java:2778)
|    at java.io.ObjectInputStream$BlockDataInputStream.peek (ObjectInputStream.java:3105)
|    at java.io.ObjectInputStream$BlockDataInputStream.peekByte (ObjectInputStream.java:3115)
|    at java.io.ObjectInputStream.readObject0 (ObjectInputStream.java:1597)
|    at java.io.ObjectInputStream.readObject (ObjectInputStream.java:464)
|    at java.io.ObjectInputStream.readObject (ObjectInputStream.java:422)
|    at edu.csus.ecs.pc2.core.transport.ConnectionHandlerThread.receive (ConnectionHandlerThread.java:151)
|    at edu.csus.ecs.pc2.core.transport.ConnectionHandlerClientThread.run (ConnectionHandlerClientThread.java:65)
200608 194754.404|FINER|Thread-0|run|THROW
|edu.csus.ecs.pc2.core.transport.TransportException: Connection reset
|    at edu.csus.ecs.pc2.core.transport.ConnectionHandlerThread.receive (ConnectionHandlerThread.java:155)
|    at edu.csus.ecs.pc2.core.transport.ConnectionHandlerClientThread.run (ConnectionHandlerClientThread.java:65)
