200517 212519.244|CONFIG|AWT-EventQueue-0|setFileHandlers|Now logging to E:\CODE\C++\pc2Client - Copy\bin\logs directory.
200517 212519.244|INFO|AWT-EventQueue-0|info|
200517 212519.245|INFO|AWT-EventQueue-0|info|Version 9.6.0 20190102 (Wednesday, January 2nd 2019 01:20 UTC) Java ver 13.0.2 build 5102 Windows 10 10.0 (amd64) 
200517 212519.245|INFO|AWT-EventQueue-0|info|Login: 360 (aka team360)
200517 212519.245|INFO|AWT-EventQueue-0|startLog|Working directory is E:\CODE\C++\pc2Client - Copy\bin
200517 212519.246|INFO|AWT-EventQueue-0|startLog|Process id is 10796@Admin
200517 212519.246|INFO|AWT-EventQueue-0|info|Contacting server at 203.162.88.119:51002 as TEAM360 @ site 0
200517 212519.249|INFO|AWT-EventQueue-0|info|sendLoginRequest start - sending from TEAM360 @ site 0
200517 212519.251|INFO|AWT-EventQueue-0|sendToLocalServer|Sending packet to server Packet[LOGIN_REQUEST] #1 TEAM360 @ site 0 -> SERVER0 @ site 0
200517 212519.253|INFO|Thread-1|run|send(Serializable)
200517 212519.254|INFO|AWT-EventQueue-0|sendToLocalServer|Sent    packet to server Packet[LOGIN_REQUEST] #1 TEAM360 @ site 0 -> SERVER0 @ site 0
200517 212519.256|INFO|AWT-EventQueue-0|info|sendLoginRequest end - packet sent.
200517 212519.441|INFO|Thread-0|receive|public void receive(SealedObject TransportPacket, ConnectionHandlerID connectionHandlerID)
200517 212519.443|INFO|Thread-2|info| receiveObject(S) start got Packet[LOGIN_FAILED] #168372 SERVER0 @ site 1 -> TEAM360 @ site 0
200517 212519.444|INFO|Thread-2|dumpPacket|Packet LOGIN_FAILED (Seq #168372, o#168372 ) recieveObject
200517 212519.444|INFO|Thread-2|dumpPacket|  From: SERVER0 @ site 1, oSERVER0 @ site 1 (CNTT1-ACM1 @ 10.99.3.97) (Contest Id: Default-189234830985629705)
200517 212519.445|INFO|Thread-2|dumpPacket|    To: TEAM360 @ site 0
200517 212519.445|INFO|Thread-2|dumpPacket|   key: MESSAGE_STRING is: java.lang.String Invalid password
200517 212519.445|INFO|Thread-2|info|handlePacket start Packet[LOGIN_FAILED] #168372 SERVER0 @ site 1 -> TEAM360 @ site 0
200517 212519.446|INFO|Thread-2|dumpPacket|Packet LOGIN_FAILED (Seq #168372, o#168372 ) handlePacket
200517 212519.446|INFO|Thread-2|dumpPacket|  From: SERVER0 @ site 1, oSERVER0 @ site 1 (CNTT1-ACM1 @ 10.99.3.97) (Contest Id: Default-189234830985629705)
200517 212519.446|INFO|Thread-2|dumpPacket|    To: TEAM360 @ site 0
200517 212519.446|INFO|Thread-2|dumpPacket|   key: MESSAGE_STRING is: java.lang.String Invalid password
200517 212520.193|INFO|Thread-2|info| receiveObject(S) end   got Packet[LOGIN_FAILED] #168372 SERVER0 @ site 1 -> TEAM360 @ site 0
200618 201352.441|CONFIG|AWT-EventQueue-0|setFileHandlers|Now logging to E:\CODE\DSA-PTIT\pc2Client - Copy\bin\logs directory.
200618 201352.468|INFO|AWT-EventQueue-0|info|
200618 201352.469|INFO|AWT-EventQueue-0|info|Version 9.6.0 20190102 (Wednesday, January 2nd 2019 01:20 UTC) Java ver 13.0.2 build 5102 Windows 10 10.0 (amd64) 
200618 201352.469|INFO|AWT-EventQueue-0|info|Login: 360 (aka team360)
200618 201352.469|INFO|AWT-EventQueue-0|startLog|Working directory is E:\CODE\DSA-PTIT\pc2Client - Copy\bin
200618 201352.471|INFO|AWT-EventQueue-0|startLog|Process id is 12612@Admin
200618 201352.471|INFO|AWT-EventQueue-0|info|Contacting server at 203.162.88.119:50002 as TEAM360 @ site 0
200618 201352.471|INFO|AWT-EventQueue-0|info|sendLoginRequest start - sending from TEAM360 @ site 0
200618 201352.471|INFO|AWT-EventQueue-0|sendToLocalServer|Sending packet to server Packet[LOGIN_REQUEST] #2 TEAM360 @ site 0 -> SERVER0 @ site 0
200618 201352.472|INFO|AWT-EventQueue-0|sendToLocalServer|Sent    packet to server Packet[LOGIN_REQUEST] #2 TEAM360 @ site 0 -> SERVER0 @ site 0
200618 201352.473|INFO|AWT-EventQueue-0|info|sendLoginRequest end - packet sent.
200618 201352.472|INFO|Thread-3|run|send(Serializable)
200618 201352.655|INFO|Thread-0|receive|public void receive(SealedObject TransportPacket, ConnectionHandlerID connectionHandlerID)
200618 201352.755|INFO|Thread-4|info| receiveObject(S) start got Packet[LOGIN_SUCCESS] #43191 SERVER0 @ site 1 -> TEAM360 @ site 1
200618 201352.755|INFO|Thread-4|dumpPacket|Packet LOGIN_SUCCESS (Seq #43191, o#43191 ) recieveObject
200618 201352.756|INFO|Thread-4|dumpPacket|  From: SERVER0 @ site 1, oSERVER0 @ site 1 (CNTT1-ACM1 @ 10.99.3.97) (Contest Id: Default-7742730052865732441)
200618 201352.756|INFO|Thread-4|dumpPacket|    To: TEAM360 @ site 1
200618 201352.756|INFO|Thread-4|dumpPacket|   key: PROFILE_LIST is: [Ledu.csus.ecs.pc2.core.model.Profile; [Ledu.csus.ecs.pc2.core.model.Profile;@7292a8fc
200618 201352.756|INFO|Thread-4|dumpPacket|   key: GENERAL_PROBLEM is: edu.csus.ecs.pc2.core.model.Problem General
200618 201352.757|INFO|Thread-4|dumpPacket|   key: CLIENT_SETTINGS_LIST is: [Ledu.csus.ecs.pc2.core.model.ClientSettings; [Ledu.csus.ecs.pc2.core.model.ClientSettings;@7c5548de
200618 201352.757|INFO|Thread-4|dumpPacket|   key: CONTEST_TIME is: edu.csus.ecs.pc2.core.model.ContestTime edu.csus.ecs.pc2.core.model.ContestTime@786ac38c
200618 201352.757|INFO|Thread-4|dumpPacket|   key: CLARIFICATION_LIST is: [Ledu.csus.ecs.pc2.core.model.Clarification; [Ledu.csus.ecs.pc2.core.model.Clarification;@3d6842e5
200618 201352.757|INFO|Thread-4|dumpPacket|   key: CATEGORY_LIST is: [Ledu.csus.ecs.pc2.core.model.Category; [Ledu.csus.ecs.pc2.core.model.Category;@5adad8fc
200618 201352.758|INFO|Thread-4|dumpPacket|   key: LANGUAGE_LIST is: [Ledu.csus.ecs.pc2.core.model.Language; [Ledu.csus.ecs.pc2.core.model.Language;@c1f78c1
200618 201352.758|INFO|Thread-4|dumpPacket|   key: REMOTE_LOGGED_IN_USERS is: [Ledu.csus.ecs.pc2.core.model.ClientId; [Ledu.csus.ecs.pc2.core.model.ClientId;@2247bc6d
200618 201352.758|INFO|Thread-4|dumpPacket|   key: CONTEST_TIME_LIST is: [Ledu.csus.ecs.pc2.core.model.ContestTime; [Ledu.csus.ecs.pc2.core.model.ContestTime;@5d47bdaa
200618 201352.758|INFO|Thread-4|dumpPacket|   key: CONNECTION_HANDLE_ID_LIST is: [Ledu.csus.ecs.pc2.core.transport.ConnectionHandlerID; [Ledu.csus.ecs.pc2.core.transport.ConnectionHandlerID;@51d683c6
200618 201352.759|INFO|Thread-4|dumpPacket|   key: PROFILE is: edu.csus.ecs.pc2.core.model.Profile Default-2581089328514235556
200618 201352.759|INFO|Thread-4|dumpPacket|   key: CLIENT_ID is: edu.csus.ecs.pc2.core.model.ClientId TEAM360 @ site 1
200618 201352.759|INFO|Thread-4|dumpPacket|   key: SITE_NUMBER is: java.lang.Integer 1
200618 201352.759|INFO|Thread-4|dumpPacket|   key: CONTEST_INFORMATION is: edu.csus.ecs.pc2.core.model.ContestInformation edu.csus.ecs.pc2.core.model.ContestInformation@2678204d
200618 201352.759|INFO|Thread-4|dumpPacket|   key: SITE_LIST is: [Ledu.csus.ecs.pc2.core.model.Site; [Ledu.csus.ecs.pc2.core.model.Site;@3943543b
200618 201352.760|INFO|Thread-4|dumpPacket|   key: PROBLEM_DATA_FILES is: [Ledu.csus.ecs.pc2.core.model.ProblemDataFiles; [Ledu.csus.ecs.pc2.core.model.ProblemDataFiles;@59090454
200618 201352.760|INFO|Thread-4|dumpPacket|   key: JUDGEMENT_LIST is: [Ledu.csus.ecs.pc2.core.model.Judgement; [Ledu.csus.ecs.pc2.core.model.Judgement;@3c247400
200618 201352.760|INFO|Thread-4|dumpPacket|   key: PROBLEM_LIST is: [Ledu.csus.ecs.pc2.core.model.Problem; [Ledu.csus.ecs.pc2.core.model.Problem;@5bb95181
200618 201352.760|INFO|Thread-4|dumpPacket|   key: GROUP_LIST is: [Ledu.csus.ecs.pc2.core.model.Group; [Ledu.csus.ecs.pc2.core.model.Group;@78f83441
200618 201352.761|INFO|Thread-4|dumpPacket|   key: LOCAL_LOGGED_IN_USERS is: [Ledu.csus.ecs.pc2.core.model.ClientId; [Ledu.csus.ecs.pc2.core.model.ClientId;@69c2a4ae
200618 201352.761|INFO|Thread-4|dumpPacket|   key: SERVER_CLOCK_OFFSET is: java.util.GregorianCalendar java.util.GregorianCalendar[time=1592486046734,areFieldsSet=true,areAllFieldsSet=false,lenient=true,zone=sun.util.calendar.ZoneInfo[id="GMT",offset=0,dstSavings=0,useDaylight=false,transitions=0,lastRule=null],firstDayOfWeek=1,minimalDaysInFirstWeek=1,ERA=1,YEAR=2020,MONTH=5,WEEK_OF_YEAR=25,WEEK_OF_MONTH=3,DAY_OF_MONTH=18,DAY_OF_YEAR=170,DAY_OF_WEEK=5,DAY_OF_WEEK_IN_MONTH=3,AM_PM=1,HOUR=1,HOUR_OF_DAY=13,MINUTE=14,SECOND=6,MILLISECOND=734,ZONE_OFFSET=0,DST_OFFSET=0]
200618 201352.761|INFO|Thread-4|dumpPacket|   key: CONTEST_IDENTIFIER is: java.lang.String Default-7742730052865732441
200618 201352.761|INFO|Thread-4|dumpPacket|   key: BALLOON_SETTINGS_LIST is: [Ledu.csus.ecs.pc2.core.model.BalloonSettings; [Ledu.csus.ecs.pc2.core.model.BalloonSettings;@76d949e2
200618 201352.762|INFO|Thread-4|dumpPacket|   key: RUN_LIST is: [Ledu.csus.ecs.pc2.core.model.Run; [Ledu.csus.ecs.pc2.core.model.Run;@677d2be1
200618 201352.762|INFO|Thread-4|dumpPacket|   key: ACCOUNT_ARRAY is: [Ledu.csus.ecs.pc2.core.model.Account; [Ledu.csus.ecs.pc2.core.model.Account;@5e1e5173
200618 201352.762|INFO|Thread-4|info|handlePacket start Packet[LOGIN_SUCCESS] #43191 SERVER0 @ site 1 -> TEAM360 @ site 1
200618 201352.762|INFO|Thread-4|dumpPacket|Packet LOGIN_SUCCESS (Seq #43191, o#43191 ) handlePacket
200618 201352.763|INFO|Thread-4|dumpPacket|  From: SERVER0 @ site 1, oSERVER0 @ site 1 (CNTT1-ACM1 @ 10.99.3.97) (Contest Id: Default-7742730052865732441)
200618 201352.763|INFO|Thread-4|dumpPacket|    To: TEAM360 @ site 1
200618 201352.763|INFO|Thread-4|dumpPacket|   key: PROFILE_LIST is: [Ledu.csus.ecs.pc2.core.model.Profile; [Ledu.csus.ecs.pc2.core.model.Profile;@7292a8fc
200618 201352.763|INFO|Thread-4|dumpPacket|   key: GENERAL_PROBLEM is: edu.csus.ecs.pc2.core.model.Problem General
200618 201352.763|INFO|Thread-4|dumpPacket|   key: CLIENT_SETTINGS_LIST is: [Ledu.csus.ecs.pc2.core.model.ClientSettings; [Ledu.csus.ecs.pc2.core.model.ClientSettings;@7c5548de
200618 201352.764|INFO|Thread-4|dumpPacket|   key: CONTEST_TIME is: edu.csus.ecs.pc2.core.model.ContestTime edu.csus.ecs.pc2.core.model.ContestTime@786ac38c
200618 201352.764|INFO|Thread-4|dumpPacket|   key: CLARIFICATION_LIST is: [Ledu.csus.ecs.pc2.core.model.Clarification; [Ledu.csus.ecs.pc2.core.model.Clarification;@3d6842e5
200618 201352.764|INFO|Thread-4|dumpPacket|   key: CATEGORY_LIST is: [Ledu.csus.ecs.pc2.core.model.Category; [Ledu.csus.ecs.pc2.core.model.Category;@5adad8fc
200618 201352.764|INFO|Thread-4|dumpPacket|   key: LANGUAGE_LIST is: [Ledu.csus.ecs.pc2.core.model.Language; [Ledu.csus.ecs.pc2.core.model.Language;@c1f78c1
200618 201352.764|INFO|Thread-4|dumpPacket|   key: REMOTE_LOGGED_IN_USERS is: [Ledu.csus.ecs.pc2.core.model.ClientId; [Ledu.csus.ecs.pc2.core.model.ClientId;@2247bc6d
200618 201352.765|INFO|Thread-4|dumpPacket|   key: CONTEST_TIME_LIST is: [Ledu.csus.ecs.pc2.core.model.ContestTime; [Ledu.csus.ecs.pc2.core.model.ContestTime;@5d47bdaa
200618 201352.765|INFO|Thread-4|dumpPacket|   key: CONNECTION_HANDLE_ID_LIST is: [Ledu.csus.ecs.pc2.core.transport.ConnectionHandlerID; [Ledu.csus.ecs.pc2.core.transport.ConnectionHandlerID;@51d683c6
200618 201352.765|INFO|Thread-4|dumpPacket|   key: PROFILE is: edu.csus.ecs.pc2.core.model.Profile Default-2581089328514235556
200618 201352.765|INFO|Thread-4|dumpPacket|   key: CLIENT_ID is: edu.csus.ecs.pc2.core.model.ClientId TEAM360 @ site 1
200618 201352.766|INFO|Thread-4|dumpPacket|   key: SITE_NUMBER is: java.lang.Integer 1
200618 201352.766|INFO|Thread-4|dumpPacket|   key: CONTEST_INFORMATION is: edu.csus.ecs.pc2.core.model.ContestInformation edu.csus.ecs.pc2.core.model.ContestInformation@2678204d
200618 201352.766|INFO|Thread-4|dumpPacket|   key: SITE_LIST is: [Ledu.csus.ecs.pc2.core.model.Site; [Ledu.csus.ecs.pc2.core.model.Site;@3943543b
200618 201352.766|INFO|Thread-4|dumpPacket|   key: PROBLEM_DATA_FILES is: [Ledu.csus.ecs.pc2.core.model.ProblemDataFiles; [Ledu.csus.ecs.pc2.core.model.ProblemDataFiles;@59090454
200618 201352.767|INFO|Thread-4|dumpPacket|   key: JUDGEMENT_LIST is: [Ledu.csus.ecs.pc2.core.model.Judgement; [Ledu.csus.ecs.pc2.core.model.Judgement;@3c247400
200618 201352.767|INFO|Thread-4|dumpPacket|   key: PROBLEM_LIST is: [Ledu.csus.ecs.pc2.core.model.Problem; [Ledu.csus.ecs.pc2.core.model.Problem;@5bb95181
200618 201352.767|INFO|Thread-4|dumpPacket|   key: GROUP_LIST is: [Ledu.csus.ecs.pc2.core.model.Group; [Ledu.csus.ecs.pc2.core.model.Group;@78f83441
200618 201352.767|INFO|Thread-4|dumpPacket|   key: LOCAL_LOGGED_IN_USERS is: [Ledu.csus.ecs.pc2.core.model.ClientId; [Ledu.csus.ecs.pc2.core.model.ClientId;@69c2a4ae
200618 201352.767|INFO|Thread-4|dumpPacket|   key: SERVER_CLOCK_OFFSET is: java.util.GregorianCalendar java.util.GregorianCalendar[time=1592486046734,areFieldsSet=true,areAllFieldsSet=false,lenient=true,zone=sun.util.calendar.ZoneInfo[id="GMT",offset=0,dstSavings=0,useDaylight=false,transitions=0,lastRule=null],firstDayOfWeek=1,minimalDaysInFirstWeek=1,ERA=1,YEAR=2020,MONTH=5,WEEK_OF_YEAR=25,WEEK_OF_MONTH=3,DAY_OF_MONTH=18,DAY_OF_YEAR=170,DAY_OF_WEEK=5,DAY_OF_WEEK_IN_MONTH=3,AM_PM=1,HOUR=1,HOUR_OF_DAY=13,MINUTE=14,SECOND=6,MILLISECOND=734,ZONE_OFFSET=0,DST_OFFSET=0]
200618 201352.768|INFO|Thread-4|dumpPacket|   key: CONTEST_IDENTIFIER is: java.lang.String Default-7742730052865732441
200618 201352.768|INFO|Thread-4|dumpPacket|   key: BALLOON_SETTINGS_LIST is: [Ledu.csus.ecs.pc2.core.model.BalloonSettings; [Ledu.csus.ecs.pc2.core.model.BalloonSettings;@76d949e2
200618 201352.768|INFO|Thread-4|dumpPacket|   key: RUN_LIST is: [Ledu.csus.ecs.pc2.core.model.Run; [Ledu.csus.ecs.pc2.core.model.Run;@677d2be1
200618 201352.768|INFO|Thread-4|dumpPacket|   key: ACCOUNT_ARRAY is: [Ledu.csus.ecs.pc2.core.model.Account; [Ledu.csus.ecs.pc2.core.model.Account;@5e1e5173
200618 201414.363|INFO|Thread-5|run|send(Serializable)
200618 201416.911|INFO|Thread-0|receive|public void receive(SealedObject TransportPacket, ConnectionHandlerID connectionHandlerID)
200618 201424.446|INFO|Thread-0|receive|public void receive(SealedObject TransportPacket, ConnectionHandlerID connectionHandlerID)
200618 203156.299|INFO|Thread-8|run|send(Serializable)
200618 203158.987|INFO|Thread-0|receive|public void receive(SealedObject TransportPacket, ConnectionHandlerID connectionHandlerID)
200618 203216.548|INFO|Thread-0|receive|public void receive(SealedObject TransportPacket, ConnectionHandlerID connectionHandlerID)
200618 203330.490|INFO|Thread-11|run|send(Serializable)
200618 203332.946|INFO|Thread-0|receive|public void receive(SealedObject TransportPacket, ConnectionHandlerID connectionHandlerID)
200618 203341.490|INFO|Thread-0|receive|public void receive(SealedObject TransportPacket, ConnectionHandlerID connectionHandlerID)
200618 224959.399|INFO|Thread-0|connectionDropped|connectionDropped(ConnectionHandlerID myConnectionID) 
