200603 181008.913|CONFIG|AWT-EventQueue-0|setFileHandlers|Now logging to E:\CODE\C++\pc2Client\bin\logs directory.
200603 181008.913|INFO|AWT-EventQueue-0|info|
200603 181008.913|INFO|AWT-EventQueue-0|info|Version 9.6.0 20190102 (Wednesday, January 2nd 2019 01:20 UTC) Java ver 13.0.2 build 5102 Windows 10 10.0 (amd64) 
200603 181008.913|INFO|AWT-EventQueue-0|info|Login: 73 (aka team73)
200603 181008.915|INFO|AWT-EventQueue-0|startLog|Working directory is E:\CODE\C++\pc2Client\bin
200603 181008.916|INFO|AWT-EventQueue-0|startLog|Process id is 13332@Admin
200603 181008.916|INFO|AWT-EventQueue-0|info|Contacting server at 203.162.10.117:50002 as TEAM73 @ site 0
200603 181008.918|INFO|AWT-EventQueue-0|info|sendLoginRequest start - sending from TEAM73 @ site 0
200603 181008.918|INFO|AWT-EventQueue-0|sendToLocalServer|Sending packet to server Packet[LOGIN_REQUEST] #2 TEAM73 @ site 0 -> SERVER0 @ site 0
200603 181008.919|INFO|AWT-EventQueue-0|sendToLocalServer|Sent    packet to server Packet[LOGIN_REQUEST] #2 TEAM73 @ site 0 -> SERVER0 @ site 0
200603 181008.919|INFO|Thread-3|run|send(Serializable)
200603 181008.919|INFO|AWT-EventQueue-0|info|sendLoginRequest end - packet sent.
200603 181009.118|INFO|Thread-0|receive|public void receive(SealedObject TransportPacket, ConnectionHandlerID connectionHandlerID)
200603 181009.196|INFO|Thread-4|info| receiveObject(S) start got Packet[LOGIN_SUCCESS] #328 SERVER0 @ site 1 -> TEAM73 @ site 1
200603 181009.196|INFO|Thread-4|dumpPacket|Packet LOGIN_SUCCESS (Seq #328, o#328 ) recieveObject
200603 181009.197|INFO|Thread-4|dumpPacket|  From: SERVER0 @ site 1, oSERVER0 @ site 1 (CNTT1-CNPM @ 10.170.100.147) (Contest Id: Default-3103216194707311729)
200603 181009.197|INFO|Thread-4|dumpPacket|    To: TEAM73 @ site 1
200603 181009.197|INFO|Thread-4|dumpPacket|   key: PROFILE_LIST is: [Ledu.csus.ecs.pc2.core.model.Profile; [Ledu.csus.ecs.pc2.core.model.Profile;@19e4a36d
200603 181009.197|INFO|Thread-4|dumpPacket|   key: GENERAL_PROBLEM is: edu.csus.ecs.pc2.core.model.Problem General
200603 181009.197|INFO|Thread-4|dumpPacket|   key: CLIENT_SETTINGS_LIST is: [Ledu.csus.ecs.pc2.core.model.ClientSettings; [Ledu.csus.ecs.pc2.core.model.ClientSettings;@17234e21
200603 181009.198|INFO|Thread-4|dumpPacket|   key: CONTEST_TIME is: edu.csus.ecs.pc2.core.model.ContestTime edu.csus.ecs.pc2.core.model.ContestTime@131cc81d
200603 181009.198|INFO|Thread-4|dumpPacket|   key: CLARIFICATION_LIST is: [Ledu.csus.ecs.pc2.core.model.Clarification; [Ledu.csus.ecs.pc2.core.model.Clarification;@561e441a
200603 181009.198|INFO|Thread-4|dumpPacket|   key: CATEGORY_LIST is: [Ledu.csus.ecs.pc2.core.model.Category; [Ledu.csus.ecs.pc2.core.model.Category;@6a5d7a7f
200603 181009.198|INFO|Thread-4|dumpPacket|   key: LANGUAGE_LIST is: [Ledu.csus.ecs.pc2.core.model.Language; [Ledu.csus.ecs.pc2.core.model.Language;@67027353
200603 181009.198|INFO|Thread-4|dumpPacket|   key: REMOTE_LOGGED_IN_USERS is: [Ledu.csus.ecs.pc2.core.model.ClientId; [Ledu.csus.ecs.pc2.core.model.ClientId;@12ab138e
200603 181009.199|INFO|Thread-4|dumpPacket|   key: CONTEST_TIME_LIST is: [Ledu.csus.ecs.pc2.core.model.ContestTime; [Ledu.csus.ecs.pc2.core.model.ContestTime;@3631bb55
200603 181009.199|INFO|Thread-4|dumpPacket|   key: CONNECTION_HANDLE_ID_LIST is: [Ledu.csus.ecs.pc2.core.transport.ConnectionHandlerID; [Ledu.csus.ecs.pc2.core.transport.ConnectionHandlerID;@37bea16e
200603 181009.199|INFO|Thread-4|dumpPacket|   key: PROFILE is: edu.csus.ecs.pc2.core.model.Profile Default-9028318911870481936
200603 181009.199|INFO|Thread-4|dumpPacket|   key: CLIENT_ID is: edu.csus.ecs.pc2.core.model.ClientId TEAM73 @ site 1
200603 181009.199|INFO|Thread-4|dumpPacket|   key: SITE_NUMBER is: java.lang.Integer 1
200603 181009.199|INFO|Thread-4|dumpPacket|   key: CONTEST_INFORMATION is: edu.csus.ecs.pc2.core.model.ContestInformation edu.csus.ecs.pc2.core.model.ContestInformation@43d2c421
200603 181009.200|INFO|Thread-4|dumpPacket|   key: SITE_LIST is: [Ledu.csus.ecs.pc2.core.model.Site; [Ledu.csus.ecs.pc2.core.model.Site;@9af98b6
200603 181009.200|INFO|Thread-4|dumpPacket|   key: PROBLEM_DATA_FILES is: [Ledu.csus.ecs.pc2.core.model.ProblemDataFiles; [Ledu.csus.ecs.pc2.core.model.ProblemDataFiles;@327f61c5
200603 181009.200|INFO|Thread-4|dumpPacket|   key: JUDGEMENT_LIST is: [Ledu.csus.ecs.pc2.core.model.Judgement; [Ledu.csus.ecs.pc2.core.model.Judgement;@70880335
200603 181009.200|INFO|Thread-4|dumpPacket|   key: PROBLEM_LIST is: [Ledu.csus.ecs.pc2.core.model.Problem; [Ledu.csus.ecs.pc2.core.model.Problem;@25ae32c9
200603 181009.200|INFO|Thread-4|dumpPacket|   key: GROUP_LIST is: [Ledu.csus.ecs.pc2.core.model.Group; [Ledu.csus.ecs.pc2.core.model.Group;@50b164e2
200603 181009.200|INFO|Thread-4|dumpPacket|   key: LOCAL_LOGGED_IN_USERS is: [Ledu.csus.ecs.pc2.core.model.ClientId; [Ledu.csus.ecs.pc2.core.model.ClientId;@19094678
200603 181009.201|INFO|Thread-4|dumpPacket|   key: SERVER_CLOCK_OFFSET is: java.util.GregorianCalendar java.util.GregorianCalendar[time=1591182623645,areFieldsSet=true,areAllFieldsSet=false,lenient=true,zone=sun.util.calendar.ZoneInfo[id="GMT",offset=0,dstSavings=0,useDaylight=false,transitions=0,lastRule=null],firstDayOfWeek=1,minimalDaysInFirstWeek=1,ERA=1,YEAR=2020,MONTH=5,WEEK_OF_YEAR=23,WEEK_OF_MONTH=1,DAY_OF_MONTH=3,DAY_OF_YEAR=155,DAY_OF_WEEK=4,DAY_OF_WEEK_IN_MONTH=1,AM_PM=0,HOUR=11,HOUR_OF_DAY=11,MINUTE=10,SECOND=23,MILLISECOND=645,ZONE_OFFSET=0,DST_OFFSET=0]
200603 181009.201|INFO|Thread-4|dumpPacket|   key: CONTEST_IDENTIFIER is: java.lang.String Default-3103216194707311729
200603 181009.201|INFO|Thread-4|dumpPacket|   key: BALLOON_SETTINGS_LIST is: [Ledu.csus.ecs.pc2.core.model.BalloonSettings; [Ledu.csus.ecs.pc2.core.model.BalloonSettings;@29a87fc7
200603 181009.201|INFO|Thread-4|dumpPacket|   key: RUN_LIST is: [Ledu.csus.ecs.pc2.core.model.Run; [Ledu.csus.ecs.pc2.core.model.Run;@7d443841
200603 181009.201|INFO|Thread-4|dumpPacket|   key: ACCOUNT_ARRAY is: [Ledu.csus.ecs.pc2.core.model.Account; [Ledu.csus.ecs.pc2.core.model.Account;@2689c57f
200603 181009.202|INFO|Thread-4|info|handlePacket start Packet[LOGIN_SUCCESS] #328 SERVER0 @ site 1 -> TEAM73 @ site 1
200603 181009.202|INFO|Thread-4|dumpPacket|Packet LOGIN_SUCCESS (Seq #328, o#328 ) handlePacket
200603 181009.202|INFO|Thread-4|dumpPacket|  From: SERVER0 @ site 1, oSERVER0 @ site 1 (CNTT1-CNPM @ 10.170.100.147) (Contest Id: Default-3103216194707311729)
200603 181009.202|INFO|Thread-4|dumpPacket|    To: TEAM73 @ site 1
200603 181009.202|INFO|Thread-4|dumpPacket|   key: PROFILE_LIST is: [Ledu.csus.ecs.pc2.core.model.Profile; [Ledu.csus.ecs.pc2.core.model.Profile;@19e4a36d
200603 181009.202|INFO|Thread-4|dumpPacket|   key: GENERAL_PROBLEM is: edu.csus.ecs.pc2.core.model.Problem General
200603 181009.203|INFO|Thread-4|dumpPacket|   key: CLIENT_SETTINGS_LIST is: [Ledu.csus.ecs.pc2.core.model.ClientSettings; [Ledu.csus.ecs.pc2.core.model.ClientSettings;@17234e21
200603 181009.203|INFO|Thread-4|dumpPacket|   key: CONTEST_TIME is: edu.csus.ecs.pc2.core.model.ContestTime edu.csus.ecs.pc2.core.model.ContestTime@131cc81d
200603 181009.203|INFO|Thread-4|dumpPacket|   key: CLARIFICATION_LIST is: [Ledu.csus.ecs.pc2.core.model.Clarification; [Ledu.csus.ecs.pc2.core.model.Clarification;@561e441a
200603 181009.203|INFO|Thread-4|dumpPacket|   key: CATEGORY_LIST is: [Ledu.csus.ecs.pc2.core.model.Category; [Ledu.csus.ecs.pc2.core.model.Category;@6a5d7a7f
200603 181009.203|INFO|Thread-4|dumpPacket|   key: LANGUAGE_LIST is: [Ledu.csus.ecs.pc2.core.model.Language; [Ledu.csus.ecs.pc2.core.model.Language;@67027353
200603 181009.203|INFO|Thread-4|dumpPacket|   key: REMOTE_LOGGED_IN_USERS is: [Ledu.csus.ecs.pc2.core.model.ClientId; [Ledu.csus.ecs.pc2.core.model.ClientId;@12ab138e
200603 181009.203|INFO|Thread-4|dumpPacket|   key: CONTEST_TIME_LIST is: [Ledu.csus.ecs.pc2.core.model.ContestTime; [Ledu.csus.ecs.pc2.core.model.ContestTime;@3631bb55
200603 181009.204|INFO|Thread-4|dumpPacket|   key: CONNECTION_HANDLE_ID_LIST is: [Ledu.csus.ecs.pc2.core.transport.ConnectionHandlerID; [Ledu.csus.ecs.pc2.core.transport.ConnectionHandlerID;@37bea16e
200603 181009.204|INFO|Thread-4|dumpPacket|   key: PROFILE is: edu.csus.ecs.pc2.core.model.Profile Default-9028318911870481936
200603 181009.204|INFO|Thread-4|dumpPacket|   key: CLIENT_ID is: edu.csus.ecs.pc2.core.model.ClientId TEAM73 @ site 1
200603 181009.204|INFO|Thread-4|dumpPacket|   key: SITE_NUMBER is: java.lang.Integer 1
200603 181009.204|INFO|Thread-4|dumpPacket|   key: CONTEST_INFORMATION is: edu.csus.ecs.pc2.core.model.ContestInformation edu.csus.ecs.pc2.core.model.ContestInformation@43d2c421
200603 181009.204|INFO|Thread-4|dumpPacket|   key: SITE_LIST is: [Ledu.csus.ecs.pc2.core.model.Site; [Ledu.csus.ecs.pc2.core.model.Site;@9af98b6
200603 181009.205|INFO|Thread-4|dumpPacket|   key: PROBLEM_DATA_FILES is: [Ledu.csus.ecs.pc2.core.model.ProblemDataFiles; [Ledu.csus.ecs.pc2.core.model.ProblemDataFiles;@327f61c5
200603 181009.205|INFO|Thread-4|dumpPacket|   key: JUDGEMENT_LIST is: [Ledu.csus.ecs.pc2.core.model.Judgement; [Ledu.csus.ecs.pc2.core.model.Judgement;@70880335
200603 181009.205|INFO|Thread-4|dumpPacket|   key: PROBLEM_LIST is: [Ledu.csus.ecs.pc2.core.model.Problem; [Ledu.csus.ecs.pc2.core.model.Problem;@25ae32c9
200603 181009.205|INFO|Thread-4|dumpPacket|   key: GROUP_LIST is: [Ledu.csus.ecs.pc2.core.model.Group; [Ledu.csus.ecs.pc2.core.model.Group;@50b164e2
200603 181009.205|INFO|Thread-4|dumpPacket|   key: LOCAL_LOGGED_IN_USERS is: [Ledu.csus.ecs.pc2.core.model.ClientId; [Ledu.csus.ecs.pc2.core.model.ClientId;@19094678
200603 181009.205|INFO|Thread-4|dumpPacket|   key: SERVER_CLOCK_OFFSET is: java.util.GregorianCalendar java.util.GregorianCalendar[time=1591182623645,areFieldsSet=true,areAllFieldsSet=false,lenient=true,zone=sun.util.calendar.ZoneInfo[id="GMT",offset=0,dstSavings=0,useDaylight=false,transitions=0,lastRule=null],firstDayOfWeek=1,minimalDaysInFirstWeek=1,ERA=1,YEAR=2020,MONTH=5,WEEK_OF_YEAR=23,WEEK_OF_MONTH=1,DAY_OF_MONTH=3,DAY_OF_YEAR=155,DAY_OF_WEEK=4,DAY_OF_WEEK_IN_MONTH=1,AM_PM=0,HOUR=11,HOUR_OF_DAY=11,MINUTE=10,SECOND=23,MILLISECOND=645,ZONE_OFFSET=0,DST_OFFSET=0]
200603 181009.206|INFO|Thread-4|dumpPacket|   key: CONTEST_IDENTIFIER is: java.lang.String Default-3103216194707311729
200603 181009.206|INFO|Thread-4|dumpPacket|   key: BALLOON_SETTINGS_LIST is: [Ledu.csus.ecs.pc2.core.model.BalloonSettings; [Ledu.csus.ecs.pc2.core.model.BalloonSettings;@29a87fc7
200603 181009.206|INFO|Thread-4|dumpPacket|   key: RUN_LIST is: [Ledu.csus.ecs.pc2.core.model.Run; [Ledu.csus.ecs.pc2.core.model.Run;@7d443841
200603 181009.206|INFO|Thread-4|dumpPacket|   key: ACCOUNT_ARRAY is: [Ledu.csus.ecs.pc2.core.model.Account; [Ledu.csus.ecs.pc2.core.model.Account;@2689c57f
200603 181013.856|INFO|Thread-0|receive|public void receive(SealedObject TransportPacket, ConnectionHandlerID connectionHandlerID)
200603 181018.563|INFO|Thread-0|receive|public void receive(SealedObject TransportPacket, ConnectionHandlerID connectionHandlerID)
200603 181029.667|INFO|Thread-0|receive|public void receive(SealedObject TransportPacket, ConnectionHandlerID connectionHandlerID)
200603 182729.908|INFO|Thread-8|run|send(Serializable)
200603 182730.118|INFO|Thread-0|receive|public void receive(SealedObject TransportPacket, ConnectionHandlerID connectionHandlerID)
200603 182731.198|INFO|Thread-0|receive|public void receive(SealedObject TransportPacket, ConnectionHandlerID connectionHandlerID)
200603 183927.316|INFO|Thread-0|receive|public void receive(SealedObject TransportPacket, ConnectionHandlerID connectionHandlerID)
200603 184647.514|INFO|Thread-12|run|send(Serializable)
200603 184647.686|INFO|Thread-0|receive|public void receive(SealedObject TransportPacket, ConnectionHandlerID connectionHandlerID)
200603 184650.970|INFO|Thread-0|receive|public void receive(SealedObject TransportPacket, ConnectionHandlerID connectionHandlerID)
200603 191243.651|INFO|Thread-0|receive|public void receive(SealedObject TransportPacket, ConnectionHandlerID connectionHandlerID)
200603 191300.118|INFO|Thread-0|receive|public void receive(SealedObject TransportPacket, ConnectionHandlerID connectionHandlerID)
200603 191300.308|INFO|Thread-0|receive|public void receive(SealedObject TransportPacket, ConnectionHandlerID connectionHandlerID)
200603 191301.389|INFO|Thread-0|receive|public void receive(SealedObject TransportPacket, ConnectionHandlerID connectionHandlerID)
200603 192538.316|INFO|Thread-19|run|send(Serializable)
200603 192538.516|INFO|Thread-0|receive|public void receive(SealedObject TransportPacket, ConnectionHandlerID connectionHandlerID)
200603 192541.831|INFO|Thread-0|receive|public void receive(SealedObject TransportPacket, ConnectionHandlerID connectionHandlerID)
200603 193947.365|INFO|Thread-22|run|send(Serializable)
200603 193948.266|INFO|Thread-0|receive|public void receive(SealedObject TransportPacket, ConnectionHandlerID connectionHandlerID)
200603 193950.461|INFO|Thread-0|receive|public void receive(SealedObject TransportPacket, ConnectionHandlerID connectionHandlerID)
